<?xml version="1.0" encoding="UTF-8"?>
<!-- Generated by org.testng.reporters.JUnitReportReporter -->
<testsuite skipped="0" hostname="LAPTOP-UVD3BCGJ" name="TCPassFail" tests="2" failures="0" timestamp="03 Feb 2019 03:25:52 GMT" time="0.033" errors="0">
  <testcase name="TC2" time="0.000" classname="TCPassFail"/>
  <testcase name="TC1" time="0.033" classname="TCPassFail"/>
</testsuite> <!-- TCPassFail -->
