<?xml version="1.0" encoding="UTF-8"?>
<!-- Generated by org.testng.reporters.JUnitReportReporter -->
<testsuite skipped="0" hostname="LAPTOP-UVD3BCGJ" name="pack1.sample1" tests="1" failures="0" timestamp="19 Jan 2019 05:38:23 GMT" time="0.010" errors="0">
  <testcase name="disp" time="0.010" classname="pack1.sample1"/>
</testsuite> <!-- pack1.sample1 -->
