<?xml version="1.0" encoding="UTF-8"?>
<!-- Generated by org.testng.reporters.JUnitReportReporter -->
<testsuite skipped="0" hostname="LAPTOP-UVD3BCGJ" name="Com.ActiTime2.Library.Actitime_Login_SIT_01" tests="1" failures="0" timestamp="03 Feb 2019 04:14:18 GMT" time="0.473" errors="0">
  <testcase name="actitime_login_sit_01" time="0.473" classname="Com.ActiTime2.Library.Actitime_Login_SIT_01"/>
</testsuite> <!-- Com.ActiTime2.Library.Actitime_Login_SIT_01 -->
