<?xml version="1.0" encoding="UTF-8"?>
<!-- Generated by org.testng.reporters.JUnitReportReporter -->
<testsuite skipped="0" hostname="LAPTOP-UVD3BCGJ" name="actiTimeProjcts.Test1NG" tests="1" failures="0" timestamp="15 Jan 2019 17:14:12 GMT" time="0.016" errors="0">
  <testcase name="disp" time="0.016" classname="actiTimeProjcts.Test1NG"/>
</testsuite> <!-- actiTimeProjcts.Test1NG -->
